@


@inproceedings{ ISI:000381929600042,
Author = {Suerdem, Ahmet and Oztaysi, Basar},
Editor = {{Kunifuji, S and Papadopoulos, GA and Skulimowski, AMJ and Kacprzyk, J}},
Title = {{Collaborative Requirement Prioritization for an E-Recruitment Platform
   for Qualified but Disadvantaged Individuals}},
Booktitle = {{KNOWLEDGE, INFORMATION AND CREATIVITY SUPPORT SYSTEMS}},
Series = {{Advances in Intelligent Systems and Computing}},
Year = {{2016}},
Volume = {{416}},
Pages = {{547-556}},
Note = {{9th International Conference on Knowledge, Information and Creativity
   Support Systems (KICSS), Limassol, CYPRUS, NOV 06-08, 2014}},
Organization = {{Springer; Japan Adv Inst Sci \& Technol; Japan Creativ Soc; Austrian
   Airlines; Cyprus Tourism Org; Univ Cyprus}},
Abstract = {{Collaboration of system designers and social researchers to search for
   solutions to social problems is becoming increasingly important. In this
   context, G

@together project funded by JPI-Urban Europe is an
   interdisciplinary project aiming to build an e-platform facilitating the
   employment of qualified but disadvantaged people. The use of qualitative
   social data and the participation of end-users to the system design
   process provide a significant potential for co-creation studies. In this
   study we used different social research and system engineering
   techniques to elicit the requirements of different stakeholders
   concerning an e-recruitment platform. These methods helped the
   collaboration of system designers, social researchers and user groups to
   prioritize the system requirements. Analytic Hierarchy Process, a
   commonly used multi-criteria decision making technique is used to
   integrate the different elements of this process.}},
DOI = {{10.1007/978-3-319-27478-2\_42}},
ISSN = {{2194-5357}},
ISBN = {{978-3-319-27478-2; 978-3-319-27477-5}},
Unique-ID = {{ISI:000381929600042}},
}


@


@inproceedings{ ISI:000381929600042,
Author = {Suerdem, Ahmet and Oztaysi, Basar},
Editor = {{Kunifuji, S and Papadopoulos, GA and Skulimowski, AMJ and Kacprzyk, J}},
Title = {{Collaborative Requirement Prioritization for an E-Recruitment Platform
   for Qualified but Disadvantaged Individuals}},
Booktitle = {{KNOWLEDGE, INFORMATION AND CREATIVITY SUPPORT SYSTEMS}},
Series = {{Advances in Intelligent Systems and Computing}},
Year = {{2016}},
Volume = {{416}},
Pages = {{547-556}},
Note = {{9th International Conference on Knowledge, Information and Creativity
   Support Systems (KICSS), Limassol, CYPRUS, NOV 06-08, 2014}},
Organization = {{Springer; Japan Adv Inst Sci \& Technol; Japan Creativ Soc; Austrian
   Airlines; Cyprus Tourism Org; Univ Cyprus}},
Abstract = {{Collaboration of system designers and social researchers to search for
   solutions to social problems is becoming increasingly important. In this
   context, G

@together project funded by JPI-Urban Europe is an
   interdisciplinary project aiming to build an e-platform facilitating the
   employment of qualified but disadvantaged people. The use of qualitative
   social data and the participation of end-users to the system design
   process provide a significant potential for co-creation studies. In this
   study we used different social research and system engineering
   techniques to elicit the requirements of different stakeholders
   concerning an e-recruitment platform. These methods helped the
   collaboration of system designers, social researchers and user groups to
   prioritize the system requirements. Analytic Hierarchy Process, a
   commonly used multi-criteria decision making technique is used to
   integrate the different elements of this process.}},
DOI = {{10.1007/978-3-319-27478-2\_42}},
ISSN = {{2194-5357}},
ISBN = {{978-3-319-27478-2; 978-3-319-27477-5}},
Unique-ID = {{ISI:000381929600042}},
}


